Determining if the Q_WS_WIN exist failed with the following output:
Change Dir: /home/leno/gitProjects/DOO-Q_extension/build/soccerwindow2-prefix/src/soccerwindow2-build/CMakeFiles/CMakeTmp

Run Build Command:"/usr/bin/make" "cmTryCompileExec2538467279/fast"
make[3]: Entering directory `/home/leno/gitProjects/DOO-Q_extension/build/soccerwindow2-prefix/src/soccerwindow2-build/CMakeFiles/CMakeTmp'
/usr/bin/make -f CMakeFiles/cmTryCompileExec2538467279.dir/build.make CMakeFiles/cmTryCompileExec2538467279.dir/build
make[4]: Entering directory `/home/leno/gitProjects/DOO-Q_extension/build/soccerwindow2-prefix/src/soccerwindow2-build/CMakeFiles/CMakeTmp'
/usr/bin/cmake -E cmake_progress_report /home/leno/gitProjects/DOO-Q_extension/build/soccerwindow2-prefix/src/soccerwindow2-build/CMakeFiles/CMakeTmp/CMakeFiles 1
Building CXX object CMakeFiles/cmTryCompileExec2538467279.dir/CheckSymbolExists.cxx.o
/usr/bin/c++    -I/home/leno/.conda/envs/leno/include/qt    -o CMakeFiles/cmTryCompileExec2538467279.dir/CheckSymbolExists.cxx.o -c /home/leno/gitProjects/DOO-Q_extension/build/soccerwindow2-prefix/src/soccerwindow2-build/CMakeFiles/CMakeTmp/CheckSymbolExists.cxx
/home/leno/gitProjects/DOO-Q_extension/build/soccerwindow2-prefix/src/soccerwindow2-build/CMakeFiles/CMakeTmp/CheckSymbolExists.cxx: In function ‘int main(int, char**)’:
/home/leno/gitProjects/DOO-Q_extension/build/soccerwindow2-prefix/src/soccerwindow2-build/CMakeFiles/CMakeTmp/CheckSymbolExists.cxx:8:19: error: ‘Q_WS_WIN’ was not declared in this scope
   return ((int*)(&Q_WS_WIN))[argc];
                   ^
make[4]: Leaving directory `/home/leno/gitProjects/DOO-Q_extension/build/soccerwindow2-prefix/src/soccerwindow2-build/CMakeFiles/CMakeTmp'
make[4]: *** [CMakeFiles/cmTryCompileExec2538467279.dir/CheckSymbolExists.cxx.o] Error 1
make[3]: Leaving directory `/home/leno/gitProjects/DOO-Q_extension/build/soccerwindow2-prefix/src/soccerwindow2-build/CMakeFiles/CMakeTmp'
make[3]: *** [cmTryCompileExec2538467279/fast] Error 2

File /home/leno/gitProjects/DOO-Q_extension/build/soccerwindow2-prefix/src/soccerwindow2-build/CMakeFiles/CMakeTmp/CheckSymbolExists.cxx:
/* */
#include <QtCore/qglobal.h>

int main(int argc, char** argv)
{
  (void)argv;
#ifndef Q_WS_WIN
  return ((int*)(&Q_WS_WIN))[argc];
#else
  (void)argc;
  return 0;
#endif
}

Determining if the Q_WS_QWS exist failed with the following output:
Change Dir: /home/leno/gitProjects/DOO-Q_extension/build/soccerwindow2-prefix/src/soccerwindow2-build/CMakeFiles/CMakeTmp

Run Build Command:"/usr/bin/make" "cmTryCompileExec3393396786/fast"
make[3]: Entering directory `/home/leno/gitProjects/DOO-Q_extension/build/soccerwindow2-prefix/src/soccerwindow2-build/CMakeFiles/CMakeTmp'
/usr/bin/make -f CMakeFiles/cmTryCompileExec3393396786.dir/build.make CMakeFiles/cmTryCompileExec3393396786.dir/build
make[4]: Entering directory `/home/leno/gitProjects/DOO-Q_extension/build/soccerwindow2-prefix/src/soccerwindow2-build/CMakeFiles/CMakeTmp'
/usr/bin/cmake -E cmake_progress_report /home/leno/gitProjects/DOO-Q_extension/build/soccerwindow2-prefix/src/soccerwindow2-build/CMakeFiles/CMakeTmp/CMakeFiles 1
Building CXX object CMakeFiles/cmTryCompileExec3393396786.dir/CheckSymbolExists.cxx.o
/usr/bin/c++    -I/home/leno/.conda/envs/leno/include/qt    -o CMakeFiles/cmTryCompileExec3393396786.dir/CheckSymbolExists.cxx.o -c /home/leno/gitProjects/DOO-Q_extension/build/soccerwindow2-prefix/src/soccerwindow2-build/CMakeFiles/CMakeTmp/CheckSymbolExists.cxx
/home/leno/gitProjects/DOO-Q_extension/build/soccerwindow2-prefix/src/soccerwindow2-build/CMakeFiles/CMakeTmp/CheckSymbolExists.cxx: In function ‘int main(int, char**)’:
/home/leno/gitProjects/DOO-Q_extension/build/soccerwindow2-prefix/src/soccerwindow2-build/CMakeFiles/CMakeTmp/CheckSymbolExists.cxx:8:19: error: ‘Q_WS_QWS’ was not declared in this scope
   return ((int*)(&Q_WS_QWS))[argc];
                   ^
make[4]: Leaving directory `/home/leno/gitProjects/DOO-Q_extension/build/soccerwindow2-prefix/src/soccerwindow2-build/CMakeFiles/CMakeTmp'
make[4]: *** [CMakeFiles/cmTryCompileExec3393396786.dir/CheckSymbolExists.cxx.o] Error 1
make[3]: *** [cmTryCompileExec3393396786/fast] Error 2
make[3]: Leaving directory `/home/leno/gitProjects/DOO-Q_extension/build/soccerwindow2-prefix/src/soccerwindow2-build/CMakeFiles/CMakeTmp'

File /home/leno/gitProjects/DOO-Q_extension/build/soccerwindow2-prefix/src/soccerwindow2-build/CMakeFiles/CMakeTmp/CheckSymbolExists.cxx:
/* */
#include <QtCore/qglobal.h>

int main(int argc, char** argv)
{
  (void)argv;
#ifndef Q_WS_QWS
  return ((int*)(&Q_WS_QWS))[argc];
#else
  (void)argc;
  return 0;
#endif
}

Determining if the Q_WS_MAC exist failed with the following output:
Change Dir: /home/leno/gitProjects/DOO-Q_extension/build/soccerwindow2-prefix/src/soccerwindow2-build/CMakeFiles/CMakeTmp

Run Build Command:"/usr/bin/make" "cmTryCompileExec1527579998/fast"
make[3]: Entering directory `/home/leno/gitProjects/DOO-Q_extension/build/soccerwindow2-prefix/src/soccerwindow2-build/CMakeFiles/CMakeTmp'
/usr/bin/make -f CMakeFiles/cmTryCompileExec1527579998.dir/build.make CMakeFiles/cmTryCompileExec1527579998.dir/build
make[4]: Entering directory `/home/leno/gitProjects/DOO-Q_extension/build/soccerwindow2-prefix/src/soccerwindow2-build/CMakeFiles/CMakeTmp'
/usr/bin/cmake -E cmake_progress_report /home/leno/gitProjects/DOO-Q_extension/build/soccerwindow2-prefix/src/soccerwindow2-build/CMakeFiles/CMakeTmp/CMakeFiles 1
Building CXX object CMakeFiles/cmTryCompileExec1527579998.dir/CheckSymbolExists.cxx.o
/usr/bin/c++    -I/home/leno/.conda/envs/leno/include/qt    -o CMakeFiles/cmTryCompileExec1527579998.dir/CheckSymbolExists.cxx.o -c /home/leno/gitProjects/DOO-Q_extension/build/soccerwindow2-prefix/src/soccerwindow2-build/CMakeFiles/CMakeTmp/CheckSymbolExists.cxx
/home/leno/gitProjects/DOO-Q_extension/build/soccerwindow2-prefix/src/soccerwindow2-build/CMakeFiles/CMakeTmp/CheckSymbolExists.cxx: In function ‘int main(int, char**)’:
/home/leno/gitProjects/DOO-Q_extension/build/soccerwindow2-prefix/src/soccerwindow2-build/CMakeFiles/CMakeTmp/CheckSymbolExists.cxx:8:19: error: ‘Q_WS_MAC’ was not declared in this scope
   return ((int*)(&Q_WS_MAC))[argc];
                   ^
make[4]: *** [CMakeFiles/cmTryCompileExec1527579998.dir/CheckSymbolExists.cxx.o] Error 1
make[4]: Leaving directory `/home/leno/gitProjects/DOO-Q_extension/build/soccerwindow2-prefix/src/soccerwindow2-build/CMakeFiles/CMakeTmp'
make[3]: *** [cmTryCompileExec1527579998/fast] Error 2
make[3]: Leaving directory `/home/leno/gitProjects/DOO-Q_extension/build/soccerwindow2-prefix/src/soccerwindow2-build/CMakeFiles/CMakeTmp'

File /home/leno/gitProjects/DOO-Q_extension/build/soccerwindow2-prefix/src/soccerwindow2-build/CMakeFiles/CMakeTmp/CheckSymbolExists.cxx:
/* */
#include <QtCore/qglobal.h>

int main(int argc, char** argv)
{
  (void)argv;
#ifndef Q_WS_MAC
  return ((int*)(&Q_WS_MAC))[argc];
#else
  (void)argc;
  return 0;
#endif
}

